2023-12-01T00:48:55.233+03:00  INFO 29656 --- [main] c.s.w.controller.WeatherControllerTest   : Starting WeatherControllerTest using Java 18.0.2.1 with PID 29656 (started by Lexa in D:\Downloads\weather)
2023-12-01T00:48:55.335+03:00  INFO 29656 --- [main] c.s.w.controller.WeatherControllerTest   : No active profile set, falling back to 1 default profile: "default"
2023-12-01T00:48:58.687+03:00  INFO 29656 --- [main] o.s.b.t.m.w.SpringBootMockServletContext : Initializing Spring TestDispatcherServlet ''
2023-12-01T00:48:58.688+03:00  INFO 29656 --- [main] o.s.t.web.servlet.TestDispatcherServlet  : Initializing Servlet ''
2023-12-01T00:48:58.690+03:00  INFO 29656 --- [main] o.s.t.web.servlet.TestDispatcherServlet  : Completed initialization in 1 ms
2023-12-01T00:48:58.742+03:00  INFO 29656 --- [main] c.s.w.controller.WeatherControllerTest   : Started WeatherControllerTest in 4.043 seconds (process running for 5.746)
2023-12-01T00:48:59.049+03:00 ERROR 29656 --- [main] s.w.c.RestResponseEntityExceptionHandler : Index 8 out of bounds for length 0
2023-12-01T00:50:36.932+03:00  INFO 16136 --- [main] c.s.w.controller.WeatherControllerTest   : Starting WeatherControllerTest using Java 18.0.2.1 with PID 16136 (started by Lexa in D:\Downloads\weather)
2023-12-01T00:50:36.934+03:00  INFO 16136 --- [main] c.s.w.controller.WeatherControllerTest   : No active profile set, falling back to 1 default profile: "default"
2023-12-01T00:50:39.991+03:00  INFO 16136 --- [main] o.s.b.t.m.w.SpringBootMockServletContext : Initializing Spring TestDispatcherServlet ''
2023-12-01T00:50:39.992+03:00  INFO 16136 --- [main] o.s.t.web.servlet.TestDispatcherServlet  : Initializing Servlet ''
2023-12-01T00:50:39.994+03:00  INFO 16136 --- [main] o.s.t.web.servlet.TestDispatcherServlet  : Completed initialization in 2 ms
2023-12-01T00:50:40.046+03:00  INFO 16136 --- [main] c.s.w.controller.WeatherControllerTest   : Started WeatherControllerTest in 3.624 seconds (process running for 5.574)
2023-12-01T00:50:40.351+03:00 ERROR 16136 --- [main] s.w.c.RestResponseEntityExceptionHandler : Index 0 out of bounds for length 0
2023-12-01T00:52:47.481+03:00  INFO 12644 --- [main] c.s.w.controller.WeatherControllerTest   : Starting WeatherControllerTest using Java 18.0.2.1 with PID 12644 (started by Lexa in D:\Downloads\weather)
2023-12-01T00:52:47.484+03:00  INFO 12644 --- [main] c.s.w.controller.WeatherControllerTest   : No active profile set, falling back to 1 default profile: "default"
2023-12-01T00:52:50.721+03:00  INFO 12644 --- [main] o.s.b.t.m.w.SpringBootMockServletContext : Initializing Spring TestDispatcherServlet ''
2023-12-01T00:52:50.722+03:00  INFO 12644 --- [main] o.s.t.web.servlet.TestDispatcherServlet  : Initializing Servlet ''
2023-12-01T00:52:50.723+03:00  INFO 12644 --- [main] o.s.t.web.servlet.TestDispatcherServlet  : Completed initialization in 1 ms
2023-12-01T00:53:01.932+03:00  INFO 19320 --- [main] c.s.w.controller.WeatherControllerTest   : Starting WeatherControllerTest using Java 18.0.2.1 with PID 19320 (started by Lexa in D:\Downloads\weather)
2023-12-01T00:53:01.934+03:00  INFO 19320 --- [main] c.s.w.controller.WeatherControllerTest   : No active profile set, falling back to 1 default profile: "default"
2023-12-01T00:53:05.620+03:00  INFO 19320 --- [main] o.s.b.t.m.w.SpringBootMockServletContext : Initializing Spring TestDispatcherServlet ''
2023-12-01T00:53:05.621+03:00  INFO 19320 --- [main] o.s.t.web.servlet.TestDispatcherServlet  : Initializing Servlet ''
2023-12-01T00:53:05.623+03:00  INFO 19320 --- [main] o.s.t.web.servlet.TestDispatcherServlet  : Completed initialization in 2 ms
2023-12-01T00:53:05.704+03:00  INFO 19320 --- [main] c.s.w.controller.WeatherControllerTest   : Started WeatherControllerTest in 4.416 seconds (process running for 6.72)
2023-12-01T00:57:21.758+03:00 ERROR 19320 --- [main] s.w.c.RestResponseEntityExceptionHandler : Index 0 out of bounds for length 0
2023-12-01T00:57:31.954+03:00  INFO 8216 --- [main] c.s.w.controller.WeatherControllerTest   : Starting WeatherControllerTest using Java 18.0.2.1 with PID 8216 (started by Lexa in D:\Downloads\weather)
2023-12-01T00:57:31.956+03:00  INFO 8216 --- [main] c.s.w.controller.WeatherControllerTest   : No active profile set, falling back to 1 default profile: "default"
2023-12-01T00:57:34.929+03:00  INFO 8216 --- [main] o.s.b.t.m.w.SpringBootMockServletContext : Initializing Spring TestDispatcherServlet ''
2023-12-01T00:57:34.930+03:00  INFO 8216 --- [main] o.s.t.web.servlet.TestDispatcherServlet  : Initializing Servlet ''
2023-12-01T00:57:34.934+03:00  INFO 8216 --- [main] o.s.t.web.servlet.TestDispatcherServlet  : Completed initialization in 3 ms
2023-12-01T00:57:34.996+03:00  INFO 8216 --- [main] c.s.w.controller.WeatherControllerTest   : Started WeatherControllerTest in 3.529 seconds (process running for 5.135)
2023-12-01T00:58:58.857+03:00  INFO 19052 --- [main] c.s.w.controller.WeatherControllerTest   : Starting WeatherControllerTest using Java 18.0.2.1 with PID 19052 (started by Lexa in D:\Downloads\weather)
2023-12-01T00:58:58.859+03:00  INFO 19052 --- [main] c.s.w.controller.WeatherControllerTest   : No active profile set, falling back to 1 default profile: "default"
2023-12-01T00:59:01.790+03:00  INFO 19052 --- [main] o.s.b.t.m.w.SpringBootMockServletContext : Initializing Spring TestDispatcherServlet ''
2023-12-01T00:59:01.790+03:00  INFO 19052 --- [main] o.s.t.web.servlet.TestDispatcherServlet  : Initializing Servlet ''
2023-12-01T00:59:01.792+03:00  INFO 19052 --- [main] o.s.t.web.servlet.TestDispatcherServlet  : Completed initialization in 2 ms
2023-12-01T00:59:01.847+03:00  INFO 19052 --- [main] c.s.w.controller.WeatherControllerTest   : Started WeatherControllerTest in 3.461 seconds (process running for 5.101)
2023-12-01T01:02:31.728+03:00  INFO 24460 --- [main] c.s.w.controller.WeatherControllerTest   : Starting WeatherControllerTest using Java 18.0.2.1 with PID 24460 (started by Lexa in D:\Downloads\weather)
2023-12-01T01:02:31.730+03:00  INFO 24460 --- [main] c.s.w.controller.WeatherControllerTest   : No active profile set, falling back to 1 default profile: "default"
2023-12-01T01:02:34.851+03:00  INFO 24460 --- [main] o.s.b.t.m.w.SpringBootMockServletContext : Initializing Spring TestDispatcherServlet ''
2023-12-01T01:02:34.852+03:00  INFO 24460 --- [main] o.s.t.web.servlet.TestDispatcherServlet  : Initializing Servlet ''
2023-12-01T01:02:34.854+03:00  INFO 24460 --- [main] o.s.t.web.servlet.TestDispatcherServlet  : Completed initialization in 1 ms
2023-12-01T01:02:34.911+03:00  INFO 24460 --- [main] c.s.w.controller.WeatherControllerTest   : Started WeatherControllerTest in 3.708 seconds (process running for 5.311)
2023-12-01T01:03:17.127+03:00  INFO 3840 --- [main] c.s.w.controller.WeatherControllerTest   : Starting WeatherControllerTest using Java 18.0.2.1 with PID 3840 (started by Lexa in D:\Downloads\weather)
2023-12-01T01:03:17.129+03:00  INFO 3840 --- [main] c.s.w.controller.WeatherControllerTest   : No active profile set, falling back to 1 default profile: "default"
2023-12-01T01:03:20.071+03:00  INFO 3840 --- [main] o.s.b.t.m.w.SpringBootMockServletContext : Initializing Spring TestDispatcherServlet ''
2023-12-01T01:03:20.072+03:00  INFO 3840 --- [main] o.s.t.web.servlet.TestDispatcherServlet  : Initializing Servlet ''
2023-12-01T01:03:20.074+03:00  INFO 3840 --- [main] o.s.t.web.servlet.TestDispatcherServlet  : Completed initialization in 2 ms
2023-12-01T01:03:20.137+03:00  INFO 3840 --- [main] c.s.w.controller.WeatherControllerTest   : Started WeatherControllerTest in 3.55 seconds (process running for 5.224)
2023-12-01T01:09:33.793+03:00  INFO 28532 --- [main] c.s.w.controller.WeatherControllerTest   : Starting WeatherControllerTest using Java 18.0.2.1 with PID 28532 (started by Lexa in D:\Downloads\weather)
2023-12-01T01:09:33.795+03:00  INFO 28532 --- [main] c.s.w.controller.WeatherControllerTest   : No active profile set, falling back to 1 default profile: "default"
2023-12-01T01:09:36.792+03:00  INFO 28532 --- [main] o.s.b.t.m.w.SpringBootMockServletContext : Initializing Spring TestDispatcherServlet ''
2023-12-01T01:09:36.793+03:00  INFO 28532 --- [main] o.s.t.web.servlet.TestDispatcherServlet  : Initializing Servlet ''
2023-12-01T01:09:36.798+03:00  INFO 28532 --- [main] o.s.t.web.servlet.TestDispatcherServlet  : Completed initialization in 4 ms
2023-12-01T01:09:36.848+03:00  INFO 28532 --- [main] c.s.w.controller.WeatherControllerTest   : Started WeatherControllerTest in 3.582 seconds (process running for 5.233)
2023-12-01T01:11:03.515+03:00  INFO 26936 --- [main] c.s.w.controller.WeatherControllerTest   : Starting WeatherControllerTest using Java 18.0.2.1 with PID 26936 (started by Lexa in D:\Downloads\weather)
2023-12-01T01:11:03.517+03:00  INFO 26936 --- [main] c.s.w.controller.WeatherControllerTest   : No active profile set, falling back to 1 default profile: "default"
2023-12-01T01:11:06.479+03:00  INFO 26936 --- [main] o.s.b.t.m.w.SpringBootMockServletContext : Initializing Spring TestDispatcherServlet ''
2023-12-01T01:11:06.480+03:00  INFO 26936 --- [main] o.s.t.web.servlet.TestDispatcherServlet  : Initializing Servlet ''
2023-12-01T01:11:06.482+03:00  INFO 26936 --- [main] o.s.t.web.servlet.TestDispatcherServlet  : Completed initialization in 1 ms
2023-12-01T01:11:06.543+03:00  INFO 26936 --- [main] c.s.w.controller.WeatherControllerTest   : Started WeatherControllerTest in 3.562 seconds (process running for 5.22)
2023-12-01T01:11:35.738+03:00  INFO 23560 --- [main] c.s.w.controller.WeatherControllerTest   : Starting WeatherControllerTest using Java 18.0.2.1 with PID 23560 (started by Lexa in D:\Downloads\weather)
2023-12-01T01:11:35.740+03:00  INFO 23560 --- [main] c.s.w.controller.WeatherControllerTest   : No active profile set, falling back to 1 default profile: "default"
2023-12-01T01:11:38.747+03:00  INFO 23560 --- [main] o.s.b.t.m.w.SpringBootMockServletContext : Initializing Spring TestDispatcherServlet ''
2023-12-01T01:11:38.748+03:00  INFO 23560 --- [main] o.s.t.web.servlet.TestDispatcherServlet  : Initializing Servlet ''
2023-12-01T01:11:38.750+03:00  INFO 23560 --- [main] o.s.t.web.servlet.TestDispatcherServlet  : Completed initialization in 2 ms
2023-12-01T01:11:38.804+03:00  INFO 23560 --- [main] c.s.w.controller.WeatherControllerTest   : Started WeatherControllerTest in 3.612 seconds (process running for 5.331)
2023-12-01T01:38:08.258+03:00  INFO 13104 --- [main] c.s.w.controller.WeatherControllerTest   : Starting WeatherControllerTest using Java 18.0.2.1 with PID 13104 (started by Lexa in D:\Downloads\weather)
2023-12-01T01:38:08.267+03:00  INFO 13104 --- [main] c.s.w.controller.WeatherControllerTest   : No active profile set, falling back to 1 default profile: "default"
2023-12-01T01:38:10.934+03:00  INFO 13104 --- [main] o.s.b.t.m.w.SpringBootMockServletContext : Initializing Spring TestDispatcherServlet ''
2023-12-01T01:38:10.934+03:00  INFO 13104 --- [main] o.s.t.web.servlet.TestDispatcherServlet  : Initializing Servlet ''
2023-12-01T01:38:10.936+03:00  INFO 13104 --- [main] o.s.t.web.servlet.TestDispatcherServlet  : Completed initialization in 2 ms
2023-12-01T01:38:10.984+03:00  INFO 13104 --- [main] c.s.w.controller.WeatherControllerTest   : Started WeatherControllerTest in 3.197 seconds (process running for 4.756)
2023-12-01T01:40:53.185+03:00  INFO 3408 --- [main] c.s.w.controller.WeatherControllerTest   : Starting WeatherControllerTest using Java 18.0.2.1 with PID 3408 (started by Lexa in D:\Downloads\weather)
2023-12-01T01:40:53.186+03:00  INFO 3408 --- [main] c.s.w.controller.WeatherControllerTest   : No active profile set, falling back to 1 default profile: "default"
2023-12-01T01:40:55.654+03:00  INFO 3408 --- [main] o.s.b.t.m.w.SpringBootMockServletContext : Initializing Spring TestDispatcherServlet ''
2023-12-01T01:40:55.655+03:00  INFO 3408 --- [main] o.s.t.web.servlet.TestDispatcherServlet  : Initializing Servlet ''
2023-12-01T01:40:55.656+03:00  INFO 3408 --- [main] o.s.t.web.servlet.TestDispatcherServlet  : Completed initialization in 1 ms
2023-12-01T01:40:55.707+03:00  INFO 3408 --- [main] c.s.w.controller.WeatherControllerTest   : Started WeatherControllerTest in 2.946 seconds (process running for 4.27)
2023-12-01T02:07:14.178+03:00  INFO 26224 --- [main] com.senla.weather.WeatherApplication     : Starting WeatherApplication using Java 18.0.2.1 with PID 26224 (D:\Downloads\weather\target\classes started by Lexa in D:\Downloads\weather)
2023-12-01T02:07:14.191+03:00  INFO 26224 --- [main] com.senla.weather.WeatherApplication     : No active profile set, falling back to 1 default profile: "default"
2023-12-01T02:07:14.266+03:00  INFO 26224 --- [main] .s.b.d.c.l.DockerComposeLifecycleManager : Using Docker Compose file 'D:\Downloads\weather\docker-compose.yml'
2023-12-01T02:07:17.786+03:00  INFO 26224 --- [main] o.s.b.w.embedded.tomcat.TomcatWebServer  : Tomcat initialized with port 8080 (http)
2023-12-01T02:07:17.798+03:00  INFO 26224 --- [main] o.apache.catalina.core.StandardService   : Starting service [Tomcat]
2023-12-01T02:07:17.798+03:00  INFO 26224 --- [main] o.apache.catalina.core.StandardEngine    : Starting Servlet engine: [Apache Tomcat/10.1.16]
2023-12-01T02:07:17.885+03:00  INFO 26224 --- [main] o.a.c.c.C.[Tomcat].[localhost].[/]       : Initializing Spring embedded WebApplicationContext
2023-12-01T02:07:17.885+03:00  INFO 26224 --- [main] w.s.c.ServletWebServerApplicationContext : Root WebApplicationContext: initialization completed in 1294 ms
2023-12-01T02:07:17.957+03:00  WARN 26224 --- [main] ConfigServletWebServerApplicationContext : Exception encountered during context initialization - cancelling refresh attempt: org.springframework.beans.factory.UnsatisfiedDependencyException: Error creating bean with name 'weatherController' defined in file [D:\Downloads\weather\target\classes\com\senla\weather\controller\WeatherController.class]: Unsatisfied dependency expressed through constructor parameter 0: Error creating bean with name 'weatherServiceImpl' defined in file [D:\Downloads\weather\target\classes\com\senla\weather\service\impl\WeatherServiceImpl.class]: Unsatisfied dependency expressed through constructor parameter 0: No qualifying bean of type 'com.senla.weather.repo.WeatherRepository' available: expected at least 1 bean which qualifies as autowire candidate. Dependency annotations: {}
2023-12-01T02:07:17.960+03:00  INFO 26224 --- [main] o.apache.catalina.core.StandardService   : Stopping service [Tomcat]
2023-12-01T02:07:17.982+03:00  INFO 26224 --- [main] .s.b.a.l.ConditionEvaluationReportLogger : 

Error starting ApplicationContext. To display the condition evaluation report re-run your application with 'debug' enabled.
2023-12-01T02:07:18.003+03:00 ERROR 26224 --- [main] o.s.b.d.LoggingFailureAnalysisReporter   : 

***************************
APPLICATION FAILED TO START
***************************

Description:

Parameter 0 of constructor in com.senla.weather.service.impl.WeatherServiceImpl required a bean of type 'com.senla.weather.repo.WeatherRepository' that could not be found.


Action:

Consider defining a bean of type 'com.senla.weather.repo.WeatherRepository' in your configuration.

2023-12-01T02:10:10.087+03:00  INFO 6308 --- [main] com.senla.weather.WeatherApplication     : Starting WeatherApplication using Java 18.0.2.1 with PID 6308 (D:\Downloads\weather\target\classes started by Lexa in D:\Downloads\weather)
2023-12-01T02:10:10.097+03:00  INFO 6308 --- [main] com.senla.weather.WeatherApplication     : No active profile set, falling back to 1 default profile: "default"
2023-12-01T02:10:10.177+03:00  INFO 6308 --- [main] .s.b.d.c.l.DockerComposeLifecycleManager : Using Docker Compose file 'D:\Downloads\weather\docker-compose.yml'
2023-12-01T02:10:12.795+03:00  INFO 6308 --- [OutputReader-stderr] o.s.boot.docker.compose.core.DockerCli   :  Container db  Created
2023-12-01T02:10:12.795+03:00  INFO 6308 --- [OutputReader-stderr] o.s.boot.docker.compose.core.DockerCli   :  Container weather-app  Created
2023-12-01T02:10:12.804+03:00  INFO 6308 --- [OutputReader-stderr] o.s.boot.docker.compose.core.DockerCli   :  Container db  Starting
2023-12-01T02:10:14.487+03:00  INFO 6308 --- [OutputReader-stderr] o.s.boot.docker.compose.core.DockerCli   :  Container db  Started
2023-12-01T02:10:14.487+03:00  INFO 6308 --- [OutputReader-stderr] o.s.boot.docker.compose.core.DockerCli   :  Container weather-app  Starting
2023-12-01T02:10:15.198+03:00  INFO 6308 --- [OutputReader-stderr] o.s.boot.docker.compose.core.DockerCli   :  Container weather-app  Started
2023-12-01T02:10:15.198+03:00  INFO 6308 --- [OutputReader-stderr] o.s.boot.docker.compose.core.DockerCli   :  Container db  Waiting
2023-12-01T02:10:15.199+03:00  INFO 6308 --- [OutputReader-stderr] o.s.boot.docker.compose.core.DockerCli   :  Container weather-app  Waiting
2023-12-01T02:10:15.711+03:00  INFO 6308 --- [OutputReader-stderr] o.s.boot.docker.compose.core.DockerCli   :  Container weather-app  Healthy
2023-12-01T02:10:15.713+03:00  INFO 6308 --- [OutputReader-stderr] o.s.boot.docker.compose.core.DockerCli   :  Container db  Healthy
2023-12-01T02:12:17.151+03:00 ERROR 6308 --- [main] o.s.boot.SpringApplication               : Application run failed

org.springframework.boot.docker.compose.lifecycle.ReadinessTimeoutException: Readiness timeout of PT2M reached while waiting for services [db, weather-app]
	at org.springframework.boot.docker.compose.lifecycle.ServiceReadinessChecks.waitUntilReady(ServiceReadinessChecks.java:83) ~[spring-boot-docker-compose-3.2.0.jar:3.2.0]
	at org.springframework.boot.docker.compose.lifecycle.DockerComposeLifecycleManager.start(DockerComposeLifecycleManager.java:134) ~[spring-boot-docker-compose-3.2.0.jar:3.2.0]
	at org.springframework.boot.docker.compose.lifecycle.DockerComposeListener.onApplicationEvent(DockerComposeListener.java:53) ~[spring-boot-docker-compose-3.2.0.jar:3.2.0]
	at org.springframework.boot.docker.compose.lifecycle.DockerComposeListener.onApplicationEvent(DockerComposeListener.java:35) ~[spring-boot-docker-compose-3.2.0.jar:3.2.0]
	at org.springframework.context.event.SimpleApplicationEventMulticaster.doInvokeListener(SimpleApplicationEventMulticaster.java:178) ~[spring-context-6.1.1.jar:6.1.1]
	at org.springframework.context.event.SimpleApplicationEventMulticaster.invokeListener(SimpleApplicationEventMulticaster.java:171) ~[spring-context-6.1.1.jar:6.1.1]
	at org.springframework.context.event.SimpleApplicationEventMulticaster.multicastEvent(SimpleApplicationEventMulticaster.java:149) ~[spring-context-6.1.1.jar:6.1.1]
	at org.springframework.context.event.SimpleApplicationEventMulticaster.multicastEvent(SimpleApplicationEventMulticaster.java:137) ~[spring-context-6.1.1.jar:6.1.1]
	at org.springframework.boot.context.event.EventPublishingRunListener.multicastInitialEvent(EventPublishingRunListener.java:136) ~[spring-boot-3.2.0.jar:3.2.0]
	at org.springframework.boot.context.event.EventPublishingRunListener.contextLoaded(EventPublishingRunListener.java:98) ~[spring-boot-3.2.0.jar:3.2.0]
	at org.springframework.boot.SpringApplicationRunListeners.lambda$contextLoaded$4(SpringApplicationRunListeners.java:72) ~[spring-boot-3.2.0.jar:3.2.0]
	at java.base/java.lang.Iterable.forEach(Iterable.java:75) ~[na:na]
	at org.springframework.boot.SpringApplicationRunListeners.doWithListeners(SpringApplicationRunListeners.java:118) ~[spring-boot-3.2.0.jar:3.2.0]
	at org.springframework.boot.SpringApplicationRunListeners.doWithListeners(SpringApplicationRunListeners.java:112) ~[spring-boot-3.2.0.jar:3.2.0]
	at org.springframework.boot.SpringApplicationRunListeners.contextLoaded(SpringApplicationRunListeners.java:72) ~[spring-boot-3.2.0.jar:3.2.0]
	at org.springframework.boot.SpringApplication.prepareContext(SpringApplication.java:431) ~[spring-boot-3.2.0.jar:3.2.0]
	at org.springframework.boot.SpringApplication.run(SpringApplication.java:322) ~[spring-boot-3.2.0.jar:3.2.0]
	at org.springframework.boot.SpringApplication.run(SpringApplication.java:1342) ~[spring-boot-3.2.0.jar:3.2.0]
	at org.springframework.boot.SpringApplication.run(SpringApplication.java:1331) ~[spring-boot-3.2.0.jar:3.2.0]
	at com.senla.weather.WeatherApplication.main(WeatherApplication.java:12) ~[classes/:na]
	Suppressed: org.springframework.boot.docker.compose.lifecycle.ServiceNotReadyException: IOException while connecting to port 3306
		at org.springframework.boot.docker.compose.lifecycle.TcpConnectServiceReadinessCheck.check(TcpConnectServiceReadinessCheck.java:61) ~[spring-boot-docker-compose-3.2.0.jar:3.2.0]
		at org.springframework.boot.docker.compose.lifecycle.TcpConnectServiceReadinessCheck.check(TcpConnectServiceReadinessCheck.java:48) ~[spring-boot-docker-compose-3.2.0.jar:3.2.0]
		at org.springframework.boot.docker.compose.lifecycle.ServiceReadinessChecks.check(ServiceReadinessChecks.java:97) ~[spring-boot-docker-compose-3.2.0.jar:3.2.0]
		at org.springframework.boot.docker.compose.lifecycle.ServiceReadinessChecks.waitUntilReady(ServiceReadinessChecks.java:77) ~[spring-boot-docker-compose-3.2.0.jar:3.2.0]
		... 19 common frames omitted
	Caused by: java.net.ConnectException: Connection refused: no further information
		at java.base/sun.nio.ch.Net.pollConnect(Native Method)
		at java.base/sun.nio.ch.Net.pollConnectNow(Net.java:672)
		at java.base/sun.nio.ch.NioSocketImpl.timedFinishConnect(NioSocketImpl.java:539)
		at java.base/sun.nio.ch.NioSocketImpl.connect(NioSocketImpl.java:594)
		at java.base/java.net.SocksSocketImpl.connect(SocksSocketImpl.java:327)
		at java.base/java.net.Socket.connect(Socket.java:633)
		at org.springframework.boot.docker.compose.lifecycle.TcpConnectServiceReadinessCheck.check(TcpConnectServiceReadinessCheck.java:57)
		... 22 common frames omitted
	Suppressed: org.springframework.boot.docker.compose.lifecycle.ServiceNotReadyException: IOException while connecting to port 8080
		at org.springframework.boot.docker.compose.lifecycle.TcpConnectServiceReadinessCheck.check(TcpConnectServiceReadinessCheck.java:61) ~[spring-boot-docker-compose-3.2.0.jar:3.2.0]
		at org.springframework.boot.docker.compose.lifecycle.TcpConnectServiceReadinessCheck.check(TcpConnectServiceReadinessCheck.java:48) ~[spring-boot-docker-compose-3.2.0.jar:3.2.0]
		at org.springframework.boot.docker.compose.lifecycle.ServiceReadinessChecks.check(ServiceReadinessChecks.java:97) ~[spring-boot-docker-compose-3.2.0.jar:3.2.0]
		at org.springframework.boot.docker.compose.lifecycle.ServiceReadinessChecks.waitUntilReady(ServiceReadinessChecks.java:77) ~[spring-boot-docker-compose-3.2.0.jar:3.2.0]
		... 19 common frames omitted
	Caused by: java.net.ConnectException: Connection refused: no further information
		at java.base/sun.nio.ch.Net.pollConnect(Native Method)
		at java.base/sun.nio.ch.Net.pollConnectNow(Net.java:672)
		at java.base/sun.nio.ch.NioSocketImpl.timedFinishConnect(NioSocketImpl.java:539)
		at java.base/sun.nio.ch.NioSocketImpl.connect(NioSocketImpl.java:594)
		at java.base/java.net.SocksSocketImpl.connect(SocksSocketImpl.java:327)
		at java.base/java.net.Socket.connect(Socket.java:633)
		at org.springframework.boot.docker.compose.lifecycle.TcpConnectServiceReadinessCheck.check(TcpConnectServiceReadinessCheck.java:57)
		... 22 common frames omitted

2023-12-01T02:16:29.525+03:00  INFO 29104 --- [main] com.senla.weather.WeatherApplication     : Starting WeatherApplication using Java 18.0.2.1 with PID 29104 (D:\Downloads\weather\target\classes started by Lexa in D:\Downloads\weather)
2023-12-01T02:16:29.534+03:00  INFO 29104 --- [main] com.senla.weather.WeatherApplication     : No active profile set, falling back to 1 default profile: "default"
2023-12-01T02:16:29.604+03:00  INFO 29104 --- [main] .s.b.d.c.l.DockerComposeLifecycleManager : Using Docker Compose file 'D:\Downloads\weather\docker-compose.yml'
2023-12-01T02:16:31.998+03:00  INFO 29104 --- [OutputReader-stderr] o.s.boot.docker.compose.core.DockerCli   :  app Pulling 
2023-12-01T02:16:32.113+03:00  INFO 29104 --- [OutputReader-stderr] o.s.boot.docker.compose.core.DockerCli   :  app Warning 
2023-12-01T02:16:32.173+03:00  INFO 29104 --- [OutputReader-stderr] o.s.boot.docker.compose.core.DockerCli   : 2023/12/01 02:16:32 http2: server: error reading preface from client //./pipe/docker_engine: file has already been closed
2023-12-01T02:16:32.453+03:00  INFO 29104 --- [OutputReader-stdout] o.s.boot.docker.compose.core.DockerCli   : #0 building with "default" instance using docker driver
2023-12-01T02:16:32.453+03:00  INFO 29104 --- [OutputReader-stderr] o.s.boot.docker.compose.core.DockerCli   : failed to solve: failed to read dockerfile: failed to create lease: read-only file system
2023-12-01T02:16:32.454+03:00  INFO 29104 --- [OutputReader-stdout] o.s.boot.docker.compose.core.DockerCli   : 
2023-12-01T02:16:32.454+03:00  INFO 29104 --- [OutputReader-stdout] o.s.boot.docker.compose.core.DockerCli   : #1 [app internal] load .dockerignore
2023-12-01T02:16:32.454+03:00  INFO 29104 --- [OutputReader-stdout] o.s.boot.docker.compose.core.DockerCli   : #1 ERROR: failed to create lease: read-only file system
2023-12-01T02:16:32.454+03:00  INFO 29104 --- [OutputReader-stdout] o.s.boot.docker.compose.core.DockerCli   : 
2023-12-01T02:16:32.454+03:00  INFO 29104 --- [OutputReader-stdout] o.s.boot.docker.compose.core.DockerCli   : #2 [app internal] load build definition from Dockerfile
2023-12-01T02:16:32.455+03:00  INFO 29104 --- [OutputReader-stdout] o.s.boot.docker.compose.core.DockerCli   : #2 ERROR: failed to create lease: read-only file system
2023-12-01T02:16:32.455+03:00  INFO 29104 --- [OutputReader-stdout] o.s.boot.docker.compose.core.DockerCli   : ------
2023-12-01T02:16:32.455+03:00  INFO 29104 --- [OutputReader-stdout] o.s.boot.docker.compose.core.DockerCli   :  > [app internal] load build definition from Dockerfile:
2023-12-01T02:16:32.455+03:00  INFO 29104 --- [OutputReader-stdout] o.s.boot.docker.compose.core.DockerCli   : ------
2023-12-01T02:16:32.455+03:00  INFO 29104 --- [OutputReader-stdout] o.s.boot.docker.compose.core.DockerCli   : ------
2023-12-01T02:16:32.455+03:00  INFO 29104 --- [OutputReader-stdout] o.s.boot.docker.compose.core.DockerCli   :  > [app internal] load .dockerignore:
2023-12-01T02:16:32.455+03:00  INFO 29104 --- [OutputReader-stdout] o.s.boot.docker.compose.core.DockerCli   : ------
2023-12-01T02:16:32.525+03:00 ERROR 29104 --- [main] o.s.boot.SpringApplication               : Application run failed

org.springframework.boot.docker.compose.core.ProcessExitException: 'docker compose --file D:\Downloads\weather\docker-compose.yml --ansi never up --no-color --detach --wait' failed with exit code 17.

Stdout:
#0 building with "default" instance using docker driver

#1 [app internal] load .dockerignore
#1 ERROR: failed to create lease: read-only file system

#2 [app internal] load build definition from Dockerfile
#2 ERROR: failed to create lease: read-only file system
------
 > [app internal] load build definition from Dockerfile:
------
------
 > [app internal] load .dockerignore:
------


Stderr:
 app Pulling 
 app Warning 
2023/12/01 02:16:32 http2: server: error reading preface from client //./pipe/docker_engine: file has already been closed
failed to solve: failed to read dockerfile: failed to create lease: read-only file system

	at org.springframework.boot.docker.compose.core.ProcessRunner.run(ProcessRunner.java:96) ~[spring-boot-docker-compose-3.2.0.jar:3.2.0]
	at org.springframework.boot.docker.compose.core.DockerCli.run(DockerCli.java:80) ~[spring-boot-docker-compose-3.2.0.jar:3.2.0]
	at org.springframework.boot.docker.compose.core.DefaultDockerCompose.up(DefaultDockerCompose.java:51) ~[spring-boot-docker-compose-3.2.0.jar:3.2.0]
	at org.springframework.boot.docker.compose.lifecycle.StartCommand.applyTo(StartCommand.java:51) ~[spring-boot-docker-compose-3.2.0.jar:3.2.0]
	at org.springframework.boot.docker.compose.lifecycle.DockerComposeLifecycleManager.start(DockerComposeLifecycleManager.java:122) ~[spring-boot-docker-compose-3.2.0.jar:3.2.0]
	at org.springframework.boot.docker.compose.lifecycle.DockerComposeListener.onApplicationEvent(DockerComposeListener.java:53) ~[spring-boot-docker-compose-3.2.0.jar:3.2.0]
	at org.springframework.boot.docker.compose.lifecycle.DockerComposeListener.onApplicationEvent(DockerComposeListener.java:35) ~[spring-boot-docker-compose-3.2.0.jar:3.2.0]
	at org.springframework.context.event.SimpleApplicationEventMulticaster.doInvokeListener(SimpleApplicationEventMulticaster.java:178) ~[spring-context-6.1.1.jar:6.1.1]
	at org.springframework.context.event.SimpleApplicationEventMulticaster.invokeListener(SimpleApplicationEventMulticaster.java:171) ~[spring-context-6.1.1.jar:6.1.1]
	at org.springframework.context.event.SimpleApplicationEventMulticaster.multicastEvent(SimpleApplicationEventMulticaster.java:149) ~[spring-context-6.1.1.jar:6.1.1]
	at org.springframework.context.event.SimpleApplicationEventMulticaster.multicastEvent(SimpleApplicationEventMulticaster.java:137) ~[spring-context-6.1.1.jar:6.1.1]
	at org.springframework.boot.context.event.EventPublishingRunListener.multicastInitialEvent(EventPublishingRunListener.java:136) ~[spring-boot-3.2.0.jar:3.2.0]
	at org.springframework.boot.context.event.EventPublishingRunListener.contextLoaded(EventPublishingRunListener.java:98) ~[spring-boot-3.2.0.jar:3.2.0]
	at org.springframework.boot.SpringApplicationRunListeners.lambda$contextLoaded$4(SpringApplicationRunListeners.java:72) ~[spring-boot-3.2.0.jar:3.2.0]
	at java.base/java.lang.Iterable.forEach(Iterable.java:75) ~[na:na]
	at org.springframework.boot.SpringApplicationRunListeners.doWithListeners(SpringApplicationRunListeners.java:118) ~[spring-boot-3.2.0.jar:3.2.0]
	at org.springframework.boot.SpringApplicationRunListeners.doWithListeners(SpringApplicationRunListeners.java:112) ~[spring-boot-3.2.0.jar:3.2.0]
	at org.springframework.boot.SpringApplicationRunListeners.contextLoaded(SpringApplicationRunListeners.java:72) ~[spring-boot-3.2.0.jar:3.2.0]
	at org.springframework.boot.SpringApplication.prepareContext(SpringApplication.java:431) ~[spring-boot-3.2.0.jar:3.2.0]
	at org.springframework.boot.SpringApplication.run(SpringApplication.java:322) ~[spring-boot-3.2.0.jar:3.2.0]
	at org.springframework.boot.SpringApplication.run(SpringApplication.java:1342) ~[spring-boot-3.2.0.jar:3.2.0]
	at org.springframework.boot.SpringApplication.run(SpringApplication.java:1331) ~[spring-boot-3.2.0.jar:3.2.0]
	at com.senla.weather.WeatherApplication.main(WeatherApplication.java:12) ~[classes/:na]

2023-12-01T02:19:19.928+03:00  INFO 25220 --- [main] com.senla.weather.WeatherApplication     : Starting WeatherApplication using Java 18.0.2.1 with PID 25220 (D:\Downloads\weather\target\classes started by Lexa in D:\Downloads\weather)
2023-12-01T02:19:19.930+03:00  INFO 25220 --- [main] com.senla.weather.WeatherApplication     : No active profile set, falling back to 1 default profile: "default"
2023-12-01T02:19:20.003+03:00  INFO 25220 --- [main] .s.b.d.c.l.DockerComposeLifecycleManager : Using Docker Compose file 'D:\Downloads\weather\docker-compose.yml'
2023-12-01T02:19:20.304+03:00 ERROR 25220 --- [main] o.s.boot.SpringApplication               : Application run failed

org.springframework.boot.docker.compose.core.DockerNotRunningException: Docker is not running
	at org.springframework.boot.docker.compose.core.DockerCli$DockerCommands.getDockerCommand(DockerCli.java:146) ~[spring-boot-docker-compose-3.2.0.jar:3.2.0]
	at org.springframework.boot.docker.compose.core.DockerCli$DockerCommands.<init>(DockerCli.java:129) ~[spring-boot-docker-compose-3.2.0.jar:3.2.0]
	at org.springframework.boot.docker.compose.core.DockerCli.lambda$new$0(DockerCli.java:65) ~[spring-boot-docker-compose-3.2.0.jar:3.2.0]
	at java.base/java.util.HashMap.computeIfAbsent(HashMap.java:1220) ~[na:na]
	at org.springframework.boot.docker.compose.core.DockerCli.<init>(DockerCli.java:64) ~[spring-boot-docker-compose-3.2.0.jar:3.2.0]
	at org.springframework.boot.docker.compose.core.DockerCompose.get(DockerCompose.java:92) ~[spring-boot-docker-compose-3.2.0.jar:3.2.0]
	at org.springframework.boot.docker.compose.lifecycle.DockerComposeLifecycleManager.getDockerCompose(DockerComposeLifecycleManager.java:149) ~[spring-boot-docker-compose-3.2.0.jar:3.2.0]
	at org.springframework.boot.docker.compose.lifecycle.DockerComposeLifecycleManager.start(DockerComposeLifecycleManager.java:110) ~[spring-boot-docker-compose-3.2.0.jar:3.2.0]
	at org.springframework.boot.docker.compose.lifecycle.DockerComposeListener.onApplicationEvent(DockerComposeListener.java:53) ~[spring-boot-docker-compose-3.2.0.jar:3.2.0]
	at org.springframework.boot.docker.compose.lifecycle.DockerComposeListener.onApplicationEvent(DockerComposeListener.java:35) ~[spring-boot-docker-compose-3.2.0.jar:3.2.0]
	at org.springframework.context.event.SimpleApplicationEventMulticaster.doInvokeListener(SimpleApplicationEventMulticaster.java:178) ~[spring-context-6.1.1.jar:6.1.1]
	at org.springframework.context.event.SimpleApplicationEventMulticaster.invokeListener(SimpleApplicationEventMulticaster.java:171) ~[spring-context-6.1.1.jar:6.1.1]
	at org.springframework.context.event.SimpleApplicationEventMulticaster.multicastEvent(SimpleApplicationEventMulticaster.java:149) ~[spring-context-6.1.1.jar:6.1.1]
	at org.springframework.context.event.SimpleApplicationEventMulticaster.multicastEvent(SimpleApplicationEventMulticaster.java:137) ~[spring-context-6.1.1.jar:6.1.1]
	at org.springframework.boot.context.event.EventPublishingRunListener.multicastInitialEvent(EventPublishingRunListener.java:136) ~[spring-boot-3.2.0.jar:3.2.0]
	at org.springframework.boot.context.event.EventPublishingRunListener.contextLoaded(EventPublishingRunListener.java:98) ~[spring-boot-3.2.0.jar:3.2.0]
	at org.springframework.boot.SpringApplicationRunListeners.lambda$contextLoaded$4(SpringApplicationRunListeners.java:72) ~[spring-boot-3.2.0.jar:3.2.0]
	at java.base/java.lang.Iterable.forEach(Iterable.java:75) ~[na:na]
	at org.springframework.boot.SpringApplicationRunListeners.doWithListeners(SpringApplicationRunListeners.java:118) ~[spring-boot-3.2.0.jar:3.2.0]
	at org.springframework.boot.SpringApplicationRunListeners.doWithListeners(SpringApplicationRunListeners.java:112) ~[spring-boot-3.2.0.jar:3.2.0]
	at org.springframework.boot.SpringApplicationRunListeners.contextLoaded(SpringApplicationRunListeners.java:72) ~[spring-boot-3.2.0.jar:3.2.0]
	at org.springframework.boot.SpringApplication.prepareContext(SpringApplication.java:431) ~[spring-boot-3.2.0.jar:3.2.0]
	at org.springframework.boot.SpringApplication.run(SpringApplication.java:322) ~[spring-boot-3.2.0.jar:3.2.0]
	at org.springframework.boot.SpringApplication.run(SpringApplication.java:1342) ~[spring-boot-3.2.0.jar:3.2.0]
	at org.springframework.boot.SpringApplication.run(SpringApplication.java:1331) ~[spring-boot-3.2.0.jar:3.2.0]
	at com.senla.weather.WeatherApplication.main(WeatherApplication.java:12) ~[classes/:na]
Caused by: org.springframework.boot.docker.compose.core.ProcessExitException: 'docker version --format {{.Client.Version}}' failed with exit code 1.

Stdout:
24.0.6


Stderr:
error during connect: this error may indicate that the docker daemon is not running: Get "http://%2F%2F.%2Fpipe%2Fdocker_engine/v1.24/version": open //./pipe/docker_engine: The system cannot find the file specified.

	at org.springframework.boot.docker.compose.core.ProcessRunner.run(ProcessRunner.java:96) ~[spring-boot-docker-compose-3.2.0.jar:3.2.0]
	at org.springframework.boot.docker.compose.core.ProcessRunner.run(ProcessRunner.java:74) ~[spring-boot-docker-compose-3.2.0.jar:3.2.0]
	at org.springframework.boot.docker.compose.core.DockerCli$DockerCommands.getDockerCommand(DockerCli.java:135) ~[spring-boot-docker-compose-3.2.0.jar:3.2.0]
	... 25 common frames omitted

2023-12-01T02:19:42.522+03:00  INFO 3452 --- [main] com.senla.weather.WeatherApplication     : Starting WeatherApplication using Java 18.0.2.1 with PID 3452 (D:\Downloads\weather\target\classes started by Lexa in D:\Downloads\weather)
2023-12-01T02:19:42.524+03:00  INFO 3452 --- [main] com.senla.weather.WeatherApplication     : No active profile set, falling back to 1 default profile: "default"
2023-12-01T02:19:42.593+03:00  INFO 3452 --- [main] .s.b.d.c.l.DockerComposeLifecycleManager : Using Docker Compose file 'D:\Downloads\weather\docker-compose.yml'
2023-12-01T02:19:42.812+03:00 ERROR 3452 --- [main] o.s.boot.SpringApplication               : Application run failed

org.springframework.boot.docker.compose.core.DockerNotRunningException: Docker is not running
	at org.springframework.boot.docker.compose.core.DockerCli$DockerCommands.getDockerCommand(DockerCli.java:146) ~[spring-boot-docker-compose-3.2.0.jar:3.2.0]
	at org.springframework.boot.docker.compose.core.DockerCli$DockerCommands.<init>(DockerCli.java:129) ~[spring-boot-docker-compose-3.2.0.jar:3.2.0]
	at org.springframework.boot.docker.compose.core.DockerCli.lambda$new$0(DockerCli.java:65) ~[spring-boot-docker-compose-3.2.0.jar:3.2.0]
	at java.base/java.util.HashMap.computeIfAbsent(HashMap.java:1220) ~[na:na]
	at org.springframework.boot.docker.compose.core.DockerCli.<init>(DockerCli.java:64) ~[spring-boot-docker-compose-3.2.0.jar:3.2.0]
	at org.springframework.boot.docker.compose.core.DockerCompose.get(DockerCompose.java:92) ~[spring-boot-docker-compose-3.2.0.jar:3.2.0]
	at org.springframework.boot.docker.compose.lifecycle.DockerComposeLifecycleManager.getDockerCompose(DockerComposeLifecycleManager.java:149) ~[spring-boot-docker-compose-3.2.0.jar:3.2.0]
	at org.springframework.boot.docker.compose.lifecycle.DockerComposeLifecycleManager.start(DockerComposeLifecycleManager.java:110) ~[spring-boot-docker-compose-3.2.0.jar:3.2.0]
	at org.springframework.boot.docker.compose.lifecycle.DockerComposeListener.onApplicationEvent(DockerComposeListener.java:53) ~[spring-boot-docker-compose-3.2.0.jar:3.2.0]
	at org.springframework.boot.docker.compose.lifecycle.DockerComposeListener.onApplicationEvent(DockerComposeListener.java:35) ~[spring-boot-docker-compose-3.2.0.jar:3.2.0]
	at org.springframework.context.event.SimpleApplicationEventMulticaster.doInvokeListener(SimpleApplicationEventMulticaster.java:178) ~[spring-context-6.1.1.jar:6.1.1]
	at org.springframework.context.event.SimpleApplicationEventMulticaster.invokeListener(SimpleApplicationEventMulticaster.java:171) ~[spring-context-6.1.1.jar:6.1.1]
	at org.springframework.context.event.SimpleApplicationEventMulticaster.multicastEvent(SimpleApplicationEventMulticaster.java:149) ~[spring-context-6.1.1.jar:6.1.1]
	at org.springframework.context.event.SimpleApplicationEventMulticaster.multicastEvent(SimpleApplicationEventMulticaster.java:137) ~[spring-context-6.1.1.jar:6.1.1]
	at org.springframework.boot.context.event.EventPublishingRunListener.multicastInitialEvent(EventPublishingRunListener.java:136) ~[spring-boot-3.2.0.jar:3.2.0]
	at org.springframework.boot.context.event.EventPublishingRunListener.contextLoaded(EventPublishingRunListener.java:98) ~[spring-boot-3.2.0.jar:3.2.0]
	at org.springframework.boot.SpringApplicationRunListeners.lambda$contextLoaded$4(SpringApplicationRunListeners.java:72) ~[spring-boot-3.2.0.jar:3.2.0]
	at java.base/java.lang.Iterable.forEach(Iterable.java:75) ~[na:na]
	at org.springframework.boot.SpringApplicationRunListeners.doWithListeners(SpringApplicationRunListeners.java:118) ~[spring-boot-3.2.0.jar:3.2.0]
	at org.springframework.boot.SpringApplicationRunListeners.doWithListeners(SpringApplicationRunListeners.java:112) ~[spring-boot-3.2.0.jar:3.2.0]
	at org.springframework.boot.SpringApplicationRunListeners.contextLoaded(SpringApplicationRunListeners.java:72) ~[spring-boot-3.2.0.jar:3.2.0]
	at org.springframework.boot.SpringApplication.prepareContext(SpringApplication.java:431) ~[spring-boot-3.2.0.jar:3.2.0]
	at org.springframework.boot.SpringApplication.run(SpringApplication.java:322) ~[spring-boot-3.2.0.jar:3.2.0]
	at org.springframework.boot.SpringApplication.run(SpringApplication.java:1342) ~[spring-boot-3.2.0.jar:3.2.0]
	at org.springframework.boot.SpringApplication.run(SpringApplication.java:1331) ~[spring-boot-3.2.0.jar:3.2.0]
	at com.senla.weather.WeatherApplication.main(WeatherApplication.java:12) ~[classes/:na]
Caused by: org.springframework.boot.docker.compose.core.ProcessExitException: 'docker version --format {{.Client.Version}}' failed with exit code 1.

Stdout:
24.0.6


Stderr:
error during connect: this error may indicate that the docker daemon is not running: Get "http://%2F%2F.%2Fpipe%2Fdocker_engine/v1.24/version": open //./pipe/docker_engine: The system cannot find the file specified.

	at org.springframework.boot.docker.compose.core.ProcessRunner.run(ProcessRunner.java:96) ~[spring-boot-docker-compose-3.2.0.jar:3.2.0]
	at org.springframework.boot.docker.compose.core.ProcessRunner.run(ProcessRunner.java:74) ~[spring-boot-docker-compose-3.2.0.jar:3.2.0]
	at org.springframework.boot.docker.compose.core.DockerCli$DockerCommands.getDockerCommand(DockerCli.java:135) ~[spring-boot-docker-compose-3.2.0.jar:3.2.0]
	... 25 common frames omitted

2023-12-01T03:27:15.387+03:00  INFO 12436 --- [main] c.s.w.controller.WeatherControllerTest   : Starting WeatherControllerTest using Java 18.0.2.1 with PID 12436 (started by Lexa in D:\Downloads\weather)
2023-12-01T03:27:15.476+03:00  INFO 12436 --- [main] c.s.w.controller.WeatherControllerTest   : No active profile set, falling back to 1 default profile: "default"
2023-12-01T03:27:18.129+03:00  INFO 12436 --- [main] o.s.b.t.m.w.SpringBootMockServletContext : Initializing Spring TestDispatcherServlet ''
2023-12-01T03:27:18.130+03:00  INFO 12436 --- [main] o.s.t.web.servlet.TestDispatcherServlet  : Initializing Servlet ''
2023-12-01T03:27:18.132+03:00  INFO 12436 --- [main] o.s.t.web.servlet.TestDispatcherServlet  : Completed initialization in 2 ms
2023-12-01T03:27:18.181+03:00  INFO 12436 --- [main] c.s.w.controller.WeatherControllerTest   : Started WeatherControllerTest in 3.868 seconds (process running for 5.475)
2023-12-01T03:27:29.624+03:00  INFO 17688 --- [main] c.s.w.controller.WeatherControllerTest   : Starting WeatherControllerTest using Java 18.0.2.1 with PID 17688 (started by Lexa in D:\Downloads\weather)
2023-12-01T03:27:29.627+03:00  INFO 17688 --- [main] c.s.w.controller.WeatherControllerTest   : No active profile set, falling back to 1 default profile: "default"
2023-12-01T03:27:32.033+03:00  INFO 17688 --- [main] o.s.b.t.m.w.SpringBootMockServletContext : Initializing Spring TestDispatcherServlet ''
2023-12-01T03:27:32.034+03:00  INFO 17688 --- [main] o.s.t.web.servlet.TestDispatcherServlet  : Initializing Servlet ''
2023-12-01T03:27:32.035+03:00  INFO 17688 --- [main] o.s.t.web.servlet.TestDispatcherServlet  : Completed initialization in 1 ms
2023-12-01T03:27:32.089+03:00  INFO 17688 --- [main] c.s.w.controller.WeatherControllerTest   : Started WeatherControllerTest in 2.958 seconds (process running for 5.251)
2023-12-01T03:32:10.983+03:00  INFO 4228 --- [main] c.s.w.controller.WeatherControllerTest   : Starting WeatherControllerTest using Java 18.0.2.1 with PID 4228 (started by Lexa in D:\Downloads\weather)
2023-12-01T03:32:10.986+03:00  INFO 4228 --- [main] c.s.w.controller.WeatherControllerTest   : No active profile set, falling back to 1 default profile: "default"
2023-12-01T03:32:13.424+03:00  INFO 4228 --- [main] o.s.b.t.m.w.SpringBootMockServletContext : Initializing Spring TestDispatcherServlet ''
2023-12-01T03:32:13.424+03:00  INFO 4228 --- [main] o.s.t.web.servlet.TestDispatcherServlet  : Initializing Servlet ''
2023-12-01T03:32:13.426+03:00  INFO 4228 --- [main] o.s.t.web.servlet.TestDispatcherServlet  : Completed initialization in 2 ms
2023-12-01T03:32:13.469+03:00  INFO 4228 --- [main] c.s.w.controller.WeatherControllerTest   : Started WeatherControllerTest in 2.913 seconds (process running for 4.24)
2023-12-01T03:32:57.960+03:00  INFO 16156 --- [main] c.s.w.controller.WeatherControllerTest   : Starting WeatherControllerTest using Java 18.0.2.1 with PID 16156 (started by Lexa in D:\Downloads\weather)
2023-12-01T03:32:57.962+03:00  INFO 16156 --- [main] c.s.w.controller.WeatherControllerTest   : No active profile set, falling back to 1 default profile: "default"
2023-12-01T03:33:00.625+03:00  INFO 16156 --- [main] o.s.b.t.m.w.SpringBootMockServletContext : Initializing Spring TestDispatcherServlet ''
2023-12-01T03:33:00.625+03:00  INFO 16156 --- [main] o.s.t.web.servlet.TestDispatcherServlet  : Initializing Servlet ''
2023-12-01T03:33:00.627+03:00  INFO 16156 --- [main] o.s.t.web.servlet.TestDispatcherServlet  : Completed initialization in 2 ms
2023-12-01T03:33:00.680+03:00  INFO 16156 --- [main] c.s.w.controller.WeatherControllerTest   : Started WeatherControllerTest in 3.161 seconds (process running for 4.497)
2023-12-01T03:37:46.278+03:00  INFO 12308 --- [main] c.s.w.controller.WeatherControllerTest   : Starting WeatherControllerTest using Java 18.0.2.1 with PID 12308 (started by Lexa in D:\Downloads\weather)
2023-12-01T03:37:46.279+03:00  INFO 12308 --- [main] c.s.w.controller.WeatherControllerTest   : No active profile set, falling back to 1 default profile: "default"
2023-12-01T03:37:48.805+03:00  INFO 12308 --- [main] o.s.b.t.m.w.SpringBootMockServletContext : Initializing Spring TestDispatcherServlet ''
2023-12-01T03:37:48.805+03:00  INFO 12308 --- [main] o.s.t.web.servlet.TestDispatcherServlet  : Initializing Servlet ''
2023-12-01T03:37:48.808+03:00  INFO 12308 --- [main] o.s.t.web.servlet.TestDispatcherServlet  : Completed initialization in 2 ms
2023-12-01T03:37:48.856+03:00  INFO 12308 --- [main] c.s.w.controller.WeatherControllerTest   : Started WeatherControllerTest in 3.01 seconds (process running for 4.304)
2023-12-01T03:38:57.416+03:00  INFO 15588 --- [main] c.s.w.controller.WeatherControllerTest   : Starting WeatherControllerTest using Java 18.0.2.1 with PID 15588 (started by Lexa in D:\Downloads\weather)
2023-12-01T03:38:57.418+03:00  INFO 15588 --- [main] c.s.w.controller.WeatherControllerTest   : No active profile set, falling back to 1 default profile: "default"
2023-12-01T03:38:59.868+03:00  INFO 15588 --- [main] o.s.b.t.m.w.SpringBootMockServletContext : Initializing Spring TestDispatcherServlet ''
2023-12-01T03:38:59.869+03:00  INFO 15588 --- [main] o.s.t.web.servlet.TestDispatcherServlet  : Initializing Servlet ''
2023-12-01T03:38:59.871+03:00  INFO 15588 --- [main] o.s.t.web.servlet.TestDispatcherServlet  : Completed initialization in 2 ms
2023-12-01T03:38:59.916+03:00  INFO 15588 --- [main] c.s.w.controller.WeatherControllerTest   : Started WeatherControllerTest in 2.933 seconds (process running for 4.197)
2023-12-01T03:39:00.256+03:00  INFO 15588 --- [main] com.senla.weather.util.WeatherUtil       : average value has been calculated
2023-12-01T03:41:07.593+03:00  INFO 3388 --- [main] c.s.w.controller.WeatherControllerTest   : Starting WeatherControllerTest using Java 18.0.2.1 with PID 3388 (started by Lexa in D:\Downloads\weather)
2023-12-01T03:41:07.594+03:00  INFO 3388 --- [main] c.s.w.controller.WeatherControllerTest   : No active profile set, falling back to 1 default profile: "default"
2023-12-01T03:41:10.079+03:00  INFO 3388 --- [main] o.s.b.t.m.w.SpringBootMockServletContext : Initializing Spring TestDispatcherServlet ''
2023-12-01T03:41:10.080+03:00  INFO 3388 --- [main] o.s.t.web.servlet.TestDispatcherServlet  : Initializing Servlet ''
2023-12-01T03:41:10.081+03:00  INFO 3388 --- [main] o.s.t.web.servlet.TestDispatcherServlet  : Completed initialization in 1 ms
2023-12-01T03:41:10.132+03:00  INFO 3388 --- [main] c.s.w.controller.WeatherControllerTest   : Started WeatherControllerTest in 2.974 seconds (process running for 4.284)
2023-12-01T03:43:14.318+03:00  INFO 4208 --- [main] c.s.w.controller.WeatherControllerTest   : Starting WeatherControllerTest using Java 18.0.2.1 with PID 4208 (started by Lexa in D:\Downloads\weather)
2023-12-01T03:43:14.321+03:00  INFO 4208 --- [main] c.s.w.controller.WeatherControllerTest   : No active profile set, falling back to 1 default profile: "default"
2023-12-01T03:43:16.628+03:00  INFO 4208 --- [main] o.s.b.t.m.w.SpringBootMockServletContext : Initializing Spring TestDispatcherServlet ''
2023-12-01T03:43:16.628+03:00  INFO 4208 --- [main] o.s.t.web.servlet.TestDispatcherServlet  : Initializing Servlet ''
2023-12-01T03:43:16.629+03:00  INFO 4208 --- [main] o.s.t.web.servlet.TestDispatcherServlet  : Completed initialization in 1 ms
2023-12-01T03:43:16.674+03:00  INFO 4208 --- [main] c.s.w.controller.WeatherControllerTest   : Started WeatherControllerTest in 2.834 seconds (process running for 4.464)
2023-12-01T03:46:28.581+03:00  INFO 16100 --- [main] c.s.w.controller.WeatherControllerTest   : Starting WeatherControllerTest using Java 18.0.2.1 with PID 16100 (started by Lexa in D:\Downloads\weather)
2023-12-01T03:46:28.583+03:00  INFO 16100 --- [main] c.s.w.controller.WeatherControllerTest   : No active profile set, falling back to 1 default profile: "default"
2023-12-01T03:46:30.960+03:00  INFO 16100 --- [main] o.s.b.t.m.w.SpringBootMockServletContext : Initializing Spring TestDispatcherServlet ''
2023-12-01T03:46:30.960+03:00  INFO 16100 --- [main] o.s.t.web.servlet.TestDispatcherServlet  : Initializing Servlet ''
2023-12-01T03:46:30.962+03:00  INFO 16100 --- [main] o.s.t.web.servlet.TestDispatcherServlet  : Completed initialization in 2 ms
2023-12-01T03:46:31.001+03:00  INFO 16100 --- [main] c.s.w.controller.WeatherControllerTest   : Started WeatherControllerTest in 2.86 seconds (process running for 4.134)
2023-12-01T03:47:47.920+03:00  INFO 2936 --- [main] c.s.w.controller.WeatherControllerTest   : Starting WeatherControllerTest using Java 18.0.2.1 with PID 2936 (started by Lexa in D:\Downloads\weather)
2023-12-01T03:47:47.921+03:00  INFO 2936 --- [main] c.s.w.controller.WeatherControllerTest   : No active profile set, falling back to 1 default profile: "default"
2023-12-01T03:47:50.216+03:00  INFO 2936 --- [main] o.s.b.t.m.w.SpringBootMockServletContext : Initializing Spring TestDispatcherServlet ''
2023-12-01T03:47:50.217+03:00  INFO 2936 --- [main] o.s.t.web.servlet.TestDispatcherServlet  : Initializing Servlet ''
2023-12-01T03:47:50.218+03:00  INFO 2936 --- [main] o.s.t.web.servlet.TestDispatcherServlet  : Completed initialization in 1 ms
2023-12-01T03:47:50.270+03:00  INFO 2936 --- [main] c.s.w.controller.WeatherControllerTest   : Started WeatherControllerTest in 2.8 seconds (process running for 4.526)
2023-12-01T03:48:54.325+03:00  INFO 14976 --- [main] c.s.w.controller.WeatherControllerTest   : Starting WeatherControllerTest using Java 18.0.2.1 with PID 14976 (started by Lexa in D:\Downloads\weather)
2023-12-01T03:48:54.327+03:00  INFO 14976 --- [main] c.s.w.controller.WeatherControllerTest   : No active profile set, falling back to 1 default profile: "default"
2023-12-01T03:48:56.790+03:00  INFO 14976 --- [main] o.s.b.t.m.w.SpringBootMockServletContext : Initializing Spring TestDispatcherServlet ''
2023-12-01T03:48:56.790+03:00  INFO 14976 --- [main] o.s.t.web.servlet.TestDispatcherServlet  : Initializing Servlet ''
2023-12-01T03:48:56.792+03:00  INFO 14976 --- [main] o.s.t.web.servlet.TestDispatcherServlet  : Completed initialization in 2 ms
2023-12-01T03:48:56.838+03:00  INFO 14976 --- [main] c.s.w.controller.WeatherControllerTest   : Started WeatherControllerTest in 2.952 seconds (process running for 4.285)
2023-12-01T03:48:57.025+03:00  INFO 14976 --- [main] com.senla.weather.util.WeatherUtil       : average value has been calculated
